TN:
SF:script/Deploy.s.sol
DA:30,0
FN:30,Deploy.run
FNDA:0,Deploy.run
DA:31,0
DA:33,0
BRDA:33,0,0,-
BRDA:33,0,1,-
DA:35,0
DA:36,0
DA:37,0
DA:38,0
DA:39,0
DA:40,0
DA:42,0
DA:43,0
DA:44,0
DA:45,0
DA:46,0
DA:47,0
DA:49,0
DA:50,0
DA:51,0
DA:53,0
DA:55,0
DA:62,0
DA:68,0
DA:70,0
DA:72,0
DA:73,0
DA:74,0
DA:75,0
DA:76,0
FNF:1
FNH:0
LF:28
LH:0
BRF:2
BRH:0
end_of_record
TN:
SF:src/AssetRegistry.sol
DA:53,72
FN:53,AssetRegistry.constructor
FNDA:72,AssetRegistry.constructor
DA:62,72
BRDA:62,0,0,0
DA:63,72
BRDA:63,1,0,0
DA:64,0
DA:66,72
DA:67,72
DA:68,72
DA:69,72
DA:70,72
DA:72,72
DA:73,216
DA:74,216
BRDA:74,2,0,0
DA:75,216
BRDA:75,3,0,0
DA:76,0
BRDA:76,4,0,-
DA:77,216
DA:85,216
DA:91,0
FN:91,AssetRegistry.assetCount
FNDA:0,AssetRegistry.assetCount
DA:92,2347
FN:92,AssetRegistry.isListed
FNDA:2347,AssetRegistry.isListed
DA:95,16895
FN:95,AssetRegistry._read
FNDA:16895,AssetRegistry._read
DA:96,16895
DA:97,16895
BRDA:97,5,0,0
DA:98,16895
BRDA:98,6,0,5
DA:99,16890
DA:102,0
FN:102,AssetRegistry.quotePriceUsd
FNDA:0,AssetRegistry.quotePriceUsd
DA:103,0
DA:109,20
FN:109,AssetRegistry.quoteUpdatedAt
FNDA:20,AssetRegistry.quoteUpdatedAt
DA:110,20
DA:111,20
DA:114,9
FN:114,AssetRegistry.assetUpdatedAt
FNDA:9,AssetRegistry.assetUpdatedAt
DA:115,9
DA:116,9
BRDA:116,7,0,0
DA:117,9
DA:118,9
DA:121,0
FN:121,AssetRegistry.assetPriceUsd
FNDA:0,AssetRegistry.assetPriceUsd
DA:122,0
DA:123,0
BRDA:123,8,0,-
DA:124,0
DA:128,8436
FN:128,AssetRegistry.valueInQuote
FNDA:8436,AssetRegistry.valueInQuote
DA:129,8436
BRDA:129,9,0,0
DA:130,8436
BRDA:130,10,0,3356
DA:131,5080
DA:132,5080
BRDA:132,11,0,0
DA:134,5080
DA:135,5080
BRDA:135,12,0,5080
DA:136,5080
DA:138,5080
DA:139,5075
DA:142,5075
DA:143,5075
DA:147,4594
FN:147,AssetRegistry.amountFromQuote
FNDA:4594,AssetRegistry.amountFromQuote
DA:148,4594
BRDA:148,13,0,0
DA:149,4594
BRDA:149,14,0,1224
DA:150,3370
DA:151,3370
BRDA:151,15,0,0
DA:153,3370
DA:154,3370
DA:156,3370
DA:157,3370
DA:158,3370
BRDA:158,16,0,3370
DA:159,3370
DA:160,3370
DA:162,3370
FNF:10
FNH:7
LF:62
LH:53
BRF:17
BRH:5
end_of_record
TN:
SF:src/RhTickerHub.sol
DA:125,5379
FN:125,RhTickerHub.nonReentrant
FNDA:5379,RhTickerHub.nonReentrant
DA:126,5379
BRDA:126,0,0,0
DA:127,5379
DA:129,5375
DA:132,72
FN:132,RhTickerHub.constructor
FNDA:72,RhTickerHub.constructor
DA:133,72
DA:134,72
DA:135,72
DA:136,72
DA:141,72338
FN:141,RhTickerHub.tickerCount
FNDA:72338,RhTickerHub.tickerCount
DA:143,55123
FN:143,RhTickerHub.getTicker
FNDA:55123,RhTickerHub.getTicker
DA:147,12803
FN:147,RhTickerHub.circ
FNDA:12803,RhTickerHub.circ
DA:148,55265
DA:153,12583
FN:153,RhTickerHub.nav
FNDA:12583,RhTickerHub.nav
DA:154,41761
DA:155,41761
BRDA:155,1,0,4007
DA:156,37754
DA:159,19
FN:159,RhTickerHub.price
FNDA:19,RhTickerHub.price
DA:160,19
DA:161,19
DA:164,0
FN:164,RhTickerHub.feeBps
FNDA:0,RhTickerHub.feeBps
DA:165,24471
DA:168,6
FN:168,RhTickerHub.quoteBuy
FNDA:6,RhTickerHub.quoteBuy
DA:169,9392
DA:170,9392
DA:171,9392
DA:172,9392
DA:173,9392
DA:174,9390
BRDA:174,2,0,13
DA:175,13
DA:177,9377
DA:180,12802
FN:180,RhTickerHub.quoteSell
FNDA:12802,RhTickerHub.quoteSell
DA:181,15079
DA:182,15079
DA:183,15079
DA:184,15079
DA:185,15079
DA:186,15078
DA:192,4009
FN:192,RhTickerHub.launch
FNDA:4009,RhTickerHub.launch
DA:197,4009
BRDA:197,3,0,1
DA:199,4008
DA:200,1
BRDA:200,4,0,1
DA:201,4007
DA:203,4007
DA:204,4007
DA:206,4007
DA:207,4007
DA:208,4007
DA:209,4007
DA:210,4007
DA:212,4007
DA:215,4007
FN:215,RhTickerHub._createTicker
FNDA:4007,RhTickerHub._createTicker
DA:216,4007
DA:217,4007
DA:218,4007
DA:219,4007
DA:220,4007
DA:221,4007
DA:222,4007
DA:223,4007
DA:224,4007
DA:227,5
FN:227,RhTickerHub.claimSeed
FNDA:5,RhTickerHub.claimSeed
DA:228,5
DA:229,5
BRDA:229,5,0,1
DA:230,4
BRDA:230,6,0,2
DA:231,2
DA:232,2
BRDA:232,7,0,0
DA:233,2
DA:234,2
DA:235,2
DA:240,5379
FN:240,RhTickerHub.buy
FNDA:5379,RhTickerHub.buy
DA:241,5379
BRDA:241,8,0,0
DA:242,5379
DA:243,5379
DA:244,5379
DA:245,5376
BRDA:245,9,0,1
DA:246,5375
DA:249,9386
FN:249,RhTickerHub._executeBuy
FNDA:9386,RhTickerHub._executeBuy
DA:250,9386
DA:251,9386
DA:252,9386
DA:257,9384
BRDA:257,10,0,1
DA:258,9383
DA:259,9383
DA:260,9383
DA:261,9383
DA:262,8
BRDA:262,11,0,8
BRDA:262,11,1,9375
DA:265,8
DA:267,9375
DA:268,9375
DA:270,9383
BRDA:270,12,0,9383
DA:271,9383
DA:272,9383
DA:273,9383
DA:274,9383
DA:277,2277
FN:277,RhTickerHub.sell
FNDA:2277,RhTickerHub.sell
DA:282,2277
BRDA:282,13,0,0
DA:283,2277
DA:284,2277
DA:285,1798
BRDA:285,14,0,1798
DA:286,1798
BRDA:286,15,0,1
DA:287,1797
DA:288,453
DA:290,478
DA:291,478
DA:292,478
DA:293,478
DA:294,478
DA:295,478
DA:296,478
DA:297,478
BRDA:297,16,0,0
DA:298,478
DA:299,478
DA:300,478
DA:304,2273
FN:304,RhTickerHub.redeem
FNDA:2273,RhTickerHub.redeem
DA:305,2273
BRDA:305,17,0,0
DA:306,2273
DA:309,4070
FN:309,RhTickerHub._enqueue
FNDA:4070,RhTickerHub._enqueue
DA:310,4070
DA:312,4070
BRDA:312,18,0,42
DA:313,4028
DA:314,1015
DA:315,1015
DA:316,1015
DA:317,1015
DA:321,25
FN:321,RhTickerHub.gateRemaining
FNDA:25,RhTickerHub.gateRemaining
DA:322,268
DA:323,268
DA:324,268
DA:325,268
DA:326,268
DA:332,5670
FN:332,RhTickerHub.settleQueue
FNDA:5670,RhTickerHub.settleQueue
DA:333,5670
DA:334,5670
DA:335,5670
BRDA:335,19,0,4100
DA:336,4100
DA:337,4100
DA:339,5670
DA:340,624
DA:341,380
BRDA:341,20,0,380
DA:342,400
BRDA:342,21,0,400
DA:344,5670
BRDA:344,22,0,5363
DA:349,624
FN:349,RhTickerHub._settleOne
FNDA:624,RhTickerHub._settleOne
DA:350,624
DA:351,624
BRDA:351,23,0,191
DA:353,433
DA:355,433
DA:356,433
DA:357,433
BRDA:357,24,0,39
DA:358,394
DA:360,394
DA:361,394
DA:362,394
BRDA:362,25,0,391
DA:364,391
DA:365,391
BRDA:365,26,0,33
DA:366,391
BRDA:366,27,0,14
DA:367,377
DA:371,380
DA:372,380
DA:373,380
DA:374,380
DA:375,156
BRDA:375,28,0,156
BRDA:375,28,1,224
DA:376,156
DA:379,224
DA:381,380
BRDA:381,29,0,377
DA:382,377
DA:383,377
DA:385,380
DA:386,380
DA:392,1128
FN:392,RhTickerHub.forceRaise
FNDA:1128,RhTickerHub.forceRaise
DA:397,1128
DA:398,1128
DA:399,1128
BRDA:399,30,0,1073
DA:401,55
DA:402,55
DA:403,55
BRDA:403,31,0,30
DA:405,25
DA:406,25
DA:410,1128
FN:410,RhTickerHub._dueShortfall
FNDA:1128,RhTickerHub._dueShortfall
DA:411,1128
BRDA:411,32,0,781
DA:412,347
DA:413,347
BRDA:413,33,0,104
DA:414,243
DA:415,243
DA:416,243
DA:417,243
DA:418,243
DA:423,3282
FN:423,RhTickerHub.claimCreatorFees
FNDA:3282,RhTickerHub.claimCreatorFees
DA:424,3282
DA:425,3282
BRDA:425,34,0,1
DA:426,3281
DA:427,3281
DA:428,3281
BRDA:428,35,0,2267
DA:431,4
FN:431,RhTickerHub.withdrawProtocolFees
FNDA:4,RhTickerHub.withdrawProtocolFees
DA:432,4
BRDA:432,36,0,2
DA:433,2
DA:434,2
DA:435,2
BRDA:435,37,0,2
DA:441,1
FN:441,RhTickerHub.poke
FNDA:1,RhTickerHub.poke
DA:442,1
DA:445,9384
FN:445,RhTickerHub._checkGraduation
FNDA:9384,RhTickerHub._checkGraduation
DA:446,9384
DA:447,9384
BRDA:447,38,0,2
DA:448,2
DA:449,2
FNF:27
FNH:26
LF:205
LH:204
BRF:41
BRH:35
end_of_record
TN:
SF:src/SafeTransfer.sol
DA:10,12884
FN:10,SafeTransfer.safeTransfer
FNDA:12884,SafeTransfer.safeTransfer
DA:11,12884
DA:12,12884
BRDA:12,0,0,0
DA:15,9386
FN:15,SafeTransfer.safeTransferFrom
FNDA:9386,SafeTransfer.safeTransferFrom
DA:16,9386
DA:17,9386
BRDA:17,1,0,0
DA:20,4473
FN:20,SafeTransfer.safeApprove
FNDA:4473,SafeTransfer.safeApprove
DA:21,4473
DA:22,4473
BRDA:22,2,0,0
FNF:3
FNH:3
LF:9
LH:9
BRF:3
BRH:0
end_of_record
TN:
SF:src/TickerLens.sol
DA:38,4
FN:38,TickerLens.constructor
FNDA:4,TickerLens.constructor
DA:40,1
FN:40,TickerLens.count
FNDA:1,TickerLens.count
DA:44,4
FN:44,TickerLens.snap
FNDA:4,TickerLens.snap
DA:45,11
DA:46,11
DA:47,11
DA:48,11
DA:49,11
DA:50,11
DA:51,11
DA:52,11
DA:53,11
DA:54,11
DA:55,11
DA:56,11
DA:57,11
DA:58,11
DA:59,11
DA:60,11
DA:63,11
BRDA:63,0,0,11
DA:64,11
BRDA:64,1,0,11
DA:65,11
BRDA:65,2,0,11
DA:66,11
BRDA:66,3,0,10
DA:67,10
DA:72,2
FN:72,TickerLens.snapRange
FNDA:2,TickerLens.snapRange
DA:73,2
DA:74,2
BRDA:74,4,0,1
DA:75,1
DA:76,1
BRDA:76,5,0,0
DA:77,1
DA:78,1
DA:81,1
FN:81,TickerLens.snapAll
FNDA:1,TickerLens.snapAll
DA:82,1
DA:83,1
DA:84,1
FNF:5
FNH:5
LF:35
LH:35
BRF:6
BRH:5
end_of_record
TN:
SF:src/TickerToken.sol
DA:24,4007
FN:24,TickerToken.constructor
FNDA:4007,TickerToken.constructor
DA:25,4007
DA:26,4007
DA:27,4007
DA:30,9383
FN:30,TickerToken.onlyHub
FNDA:9383,TickerToken.onlyHub
DA:31,9383
BRDA:31,0,0,0
DA:35,9383
FN:35,TickerToken.mint
FNDA:9383,TickerToken.mint
DA:36,9383
DA:37,9383
DA:38,9383
DA:41,858
FN:41,TickerToken.burn
FNDA:858,TickerToken.burn
DA:42,858
DA:43,858
DA:44,858
DA:47,2
FN:47,TickerToken.transfer
FNDA:2,TickerToken.transfer
DA:48,2
DA:49,2
DA:50,2
DA:51,2
DA:54,4028
FN:54,TickerToken.transferFrom
FNDA:4028,TickerToken.transferFrom
DA:55,4028
DA:56,4028
BRDA:56,1,0,3013
DA:57,1015
DA:58,1015
DA:59,1015
DA:60,1015
DA:63,1807
FN:63,TickerToken.approve
FNDA:1807,TickerToken.approve
DA:64,1807
DA:65,1807
DA:66,1807
FNF:7
FNH:7
LF:30
LH:30
BRF:2
BRH:1
end_of_record
TN:
SF:src/TraderVault.sol
DA:76,28
BRDA:76,0,0,0
FN:76,TraderVault.nonReentrant
FNDA:28,TraderVault.nonReentrant
DA:77,28
BRDA:77,1,0,2
FN:77,TraderVault.onlyHub
FNDA:28,TraderVault.onlyHub
DA:79,4007
FN:79,TraderVault.constructor
FNDA:4007,TraderVault.constructor
DA:80,4007
DA:81,4007
DA:82,4007
DA:83,4007
DA:84,4007
DA:91,37794
FN:91,TraderVault.totalValueInQuote
FNDA:37794,TraderVault.totalValueInQuote
DA:92,40111
DA:93,40111
DA:94,40111
DA:95,3801
DA:96,3801
DA:100,3
FN:100,TraderVault.heldCount
FNDA:3,TraderVault.heldCount
DA:111,3
FN:111,TraderVault.syncHeld
FNDA:3,TraderVault.syncHeld
DA:112,3
BRDA:112,2,0,1
DA:113,2
BRDA:113,3,0,0
DA:114,2
BRDA:114,4,0,1
DA:115,1
DA:116,1
BRDA:116,5,0,1
BRDA:116,5,1,0
DA:117,0
DA:124,20
FN:124,TraderVault.mintFresh
FNDA:20,TraderVault.mintFresh
DA:125,20
BRDA:125,6,0,0
DA:126,20
DA:127,20
DA:128,9
BRDA:128,7,0,2
DA:130,18
DA:133,1677
FN:133,TraderVault._trackHeld
FNDA:1677,TraderVault._trackHeld
DA:134,1677
BRDA:134,8,0,1176
DA:135,1176
DA:136,1176
DA:140,10
FN:140,TraderVault._untrackHeld
FNDA:10,TraderVault._untrackHeld
DA:141,10
DA:142,10
BRDA:142,9,0,0
DA:143,10
DA:144,10
BRDA:144,10,0,1
DA:145,1
DA:146,1
DA:147,1
DA:149,10
DA:150,10
DA:156,4443
FN:156,TraderVault.swap
FNDA:4443,TraderVault.swap
DA:161,4443
BRDA:161,11,0,2123
DA:162,2320
DA:167,28
FN:167,TraderVault.forceSell
FNDA:28,TraderVault.forceSell
DA:173,26
DA:176,2346
FN:176,TraderVault._swap
FNDA:2346,TraderVault._swap
DA:180,2346
BRDA:180,12,0,0
DA:181,2346
BRDA:181,13,0,1
DA:182,2345
BRDA:182,14,0,1
DA:183,2344
BRDA:183,15,0,1
DA:185,2343
DA:186,2343
DA:188,2328
DA:190,2235
BRDA:190,16,0,1676
DA:191,2235
BRDA:191,17,0,10
DA:193,2235
DA:200,2343
FN:200,TraderVault._boundedMinOut
FNDA:2343,TraderVault._boundedMinOut
DA:204,2343
DA:205,2343
DA:209,2343
BRDA:209,18,0,0
DA:210,2343
DA:211,2343
BRDA:211,19,0,2343
DA:213,2343
BRDA:213,20,0,2317
DA:214,2317
DA:215,2317
BRDA:215,21,0,1852
DA:216,2317
DA:217,2317
BRDA:217,22,0,15
DA:218,2302
DA:220,2328
DA:223,2328
FN:223,TraderVault._execRouter
FNDA:2328,TraderVault._execRouter
DA:227,2328
BRDA:227,23,0,90
DA:228,2238
DA:230,2238
DA:231,2238
DA:242,2235
DA:245,2235
DA:246,2235
BRDA:246,24,0,0
DA:253,380
FN:253,TraderVault.payOut
FNDA:380,TraderVault.payOut
DA:254,377
DA:255,377
FNF:15
FNH:15
LF:82
LH:81
BRF:26
BRH:18
end_of_record
TN:
SF:test/BaseSetup.sol
DA:41,68
FN:41,BaseSetup.setUp
FNDA:68,BaseSetup.setUp
DA:42,68
DA:44,68
DA:45,68
DA:46,68
DA:47,68
DA:49,68
DA:50,68
DA:51,68
DA:52,68
DA:54,68
DA:55,68
DA:56,68
DA:57,68
DA:58,68
DA:59,68
DA:60,68
DA:61,68
DA:62,68
DA:63,68
DA:64,68
DA:65,68
DA:66,68
DA:67,68
DA:68,68
DA:69,68
DA:71,68
DA:76,68
DA:77,68
DA:79,68
DA:81,68
DA:82,68
DA:83,340
DA:84,340
DA:85,340
DA:91,559
FN:91,BaseSetup.launchDefault
FNDA:559,BaseSetup.launchDefault
DA:92,559
DA:93,559
DA:96,4890
FN:96,BaseSetup.tok
FNDA:4890,BaseSetup.tok
DA:97,4890
DA:100,4325
FN:100,BaseSetup.vaultOf
FNDA:4325,BaseSetup.vaultOf
DA:101,4325
DA:104,10
FN:104,BaseSetup.vaultValue
FNDA:10,BaseSetup.vaultValue
DA:105,10
DA:108,12844
FN:108,BaseSetup.exitReserveOf
FNDA:12844,BaseSetup.exitReserveOf
DA:109,12844
DA:112,12845
FN:112,BaseSetup.creatorFeesOf
FNDA:12845,BaseSetup.creatorFeesOf
DA:113,12845
DA:116,3
FN:116,BaseSetup.graduatedOf
FNDA:3,BaseSetup.graduatedOf
DA:117,3
DA:120,25
FN:120,BaseSetup.queueLen
FNDA:25,BaseSetup.queueLen
DA:121,25
DA:122,25
DA:126,20
FN:126,BaseSetup.traderAllIn
FNDA:20,BaseSetup.traderAllIn
DA:127,20
DA:128,20
DA:129,20
DA:130,20
DA:134,7
FN:134,BaseSetup.pumpNavAbovePrice
FNDA:7,BaseSetup.pumpNavAbovePrice
DA:135,7
DA:136,7
DA:137,7
DA:142,8
FN:142,BaseSetup.drainQueue
FNDA:8,BaseSetup.drainQueue
DA:143,8
DA:144,8
DA:145,23
DA:146,23
DA:147,23
DA:149,23
DA:150,23
BRDA:150,0,0,23
DA:151,23
BRDA:151,1,0,8
DA:153,0
DA:157,2238
FN:157,BaseSetup._refreshFeeds
FNDA:2238,BaseSetup._refreshFeeds
DA:158,2238
DA:159,2238
DA:160,2238
DA:161,2238
DA:164,2228
FN:164,BaseSetup._dueNeeded
FNDA:2228,BaseSetup._dueNeeded
DA:165,2228
DA:166,2228
BRDA:166,2,0,2204
DA:167,24
DA:168,24
BRDA:168,3,0,0
DA:169,24
DA:170,24
DA:171,24
DA:174,2228
FN:174,BaseSetup._tryForceRaise
FNDA:2228,BaseSetup._tryForceRaise
DA:175,2228
DA:176,2228
BRDA:176,4,0,2206
DA:177,22
DA:178,22
DA:179,22
DA:180,35
DA:181,35
BRDA:181,5,0,22
DA:182,13
BRDA:182,6,0,0
DA:183,13
DA:187,13
FN:187,BaseSetup._raiseSlice
FNDA:13,BaseSetup._raiseSlice
DA:189,13
DA:190,13
DA:191,13
DA:192,13
BRDA:192,7,0,0
DA:193,13
BRDA:193,8,0,13
DA:197,12825
FN:197,BaseSetup.assertConservation
FNDA:12825,BaseSetup.assertConservation
DA:198,12825
DA:199,12825
DA:200,12844
DA:202,12825
FNF:17
FNH:17
LF:106
LH:105
BRF:9
BRH:6
end_of_record
TN:
SF:test/Invariants.t.sol
DA:53,4
FN:53,Handler.constructor
FNDA:4,Handler.constructor
DA:54,4
DA:55,4
DA:56,4
DA:57,4
DA:60,3228
FN:60,Handler.useActor
FNDA:3228,Handler.useActor
DA:61,3228
DA:62,3228
DA:64,3228
DA:67,8004
FN:67,Handler._tok
FNDA:8004,Handler._tok
DA:68,8004
DA:71,3400
FN:71,Handler.launch
FNDA:3400,Handler.launch
DA:72,3400
DA:73,3400
DA:74,3400
DA:75,3400
DA:76,3400
BRDA:76,0,0,3400
DA:77,3400
DA:80,3228
FN:80,Handler.buy
FNDA:3228,Handler.buy
DA:81,3228
BRDA:81,1,0,3228
DA:82,3228
DA:83,3228
DA:84,3228
BRDA:84,2,0,3228
DA:87,3592
FN:87,Handler.sellOrQueue
FNDA:3592,Handler.sellOrQueue
DA:88,3592
BRDA:88,3,0,3592
DA:89,3592
DA:90,3592
DA:91,3592
DA:92,3592
BRDA:92,4,0,2902
DA:93,690
DA:94,690
DA:95,690
BRDA:95,5,0,690
DA:98,3132
FN:98,Handler.redeem
FNDA:3132,Handler.redeem
DA:99,3132
BRDA:99,6,0,3132
DA:100,3132
DA:101,3132
DA:102,3132
DA:103,3132
BRDA:103,7,0,2542
DA:104,590
DA:105,590
DA:106,590
BRDA:106,8,0,590
DA:109,3436
FN:109,Handler.settle
FNDA:3436,Handler.settle
DA:110,3436
BRDA:110,9,0,3436
DA:111,3436
DA:112,3436
BRDA:112,10,0,3436
DA:115,3268
FN:115,Handler.forceRaise
FNDA:3268,Handler.forceRaise
DA:116,3268
BRDA:116,11,0,3268
DA:117,3268
DA:118,3268
DA:119,3268
DA:120,3268
BRDA:120,12,0,2156
DA:121,1112
DA:122,1112
BRDA:122,13,0,1112
DA:125,3396
FN:125,Handler.traderSwap
FNDA:3396,Handler.traderSwap
DA:126,3396
BRDA:126,14,0,3396
DA:127,3396
DA:128,3396
DA:129,3396
DA:130,3396
DA:131,1668
BRDA:131,15,0,1668
BRDA:131,15,1,618
DA:132,1668
DA:133,1668
BRDA:133,16,0,1626
DA:134,1626
BRDA:134,17,0,1626
DA:137,1728
DA:138,1728
BRDA:138,18,0,618
DA:139,618
BRDA:139,19,0,618
DA:142,3396
DA:145,3280
FN:145,Handler.claimFees
FNDA:3280,Handler.claimFees
DA:146,3280
BRDA:146,20,0,3280
DA:147,3280
DA:148,3280
DA:149,3280
DA:150,3280
DA:151,3280
BRDA:151,21,0,3280
DA:152,3280
DA:154,3280
DA:157,3424
FN:157,Handler.marketMove
FNDA:3424,Handler.marketMove
DA:158,3424
DA:159,3424
DA:160,3424
DA:161,3424
BRDA:161,22,0,0
DA:162,3424
DA:163,3424
DA:164,3424
DA:165,3424
BRDA:165,23,0,0
DA:166,3424
DA:169,3124
FN:169,Handler.warp
FNDA:3124,Handler.warp
DA:170,3124
DA:171,3124
DA:173,3124
DA:174,3124
DA:175,3124
DA:176,3124
FNF:13
FNH:13
LF:93
LH:93
BRF:25
BRH:23
end_of_record
TN:
SF:test/TraderVault.t.sol
DA:216,0
FN:216,JunkToken.decimals
FNDA:0,JunkToken.decimals
DA:217,0
FN:217,JunkToken.balanceOf
FNDA:0,JunkToken.balanceOf
FNF:2
FNH:0
LF:2
LH:0
BRF:0
BRH:0
end_of_record
TN:
SF:test/mocks/Mocks.sol
DA:20,288
FN:20,MockERC20.constructor.0
FNDA:288,MockERC20.constructor.0
DA:21,288
DA:24,2600
FN:24,MockERC20.mint
FNDA:2600,MockERC20.mint
DA:25,2600
DA:26,2600
DA:27,2600
DA:30,12887
FN:30,MockERC20.transfer.0
FNDA:12887,MockERC20.transfer.0
DA:31,12887
DA:32,12887
DA:33,12887
DA:34,12887
DA:37,11623
FN:37,MockERC20.transferFrom.0
FNDA:11623,MockERC20.transferFrom.0
DA:38,11623
DA:39,11623
BRDA:39,0,0,2237
DA:40,11623
DA:41,11623
DA:42,11623
DA:43,11623
DA:46,4837
FN:46,MockERC20.approve
FNDA:4837,MockERC20.approve
DA:47,4837
DA:48,4837
DA:49,4837
DA:61,2
FN:61,MockStock.setUiMultiplier
FNDA:2,MockStock.setUiMultiplier
DA:62,2
FN:62,MockStock.setPaused
FNDA:2,MockStock.setPaused
DA:64,1
FN:64,MockStock.adminBurn
FNDA:1,MockStock.adminBurn
DA:65,1
DA:66,1
DA:67,1
DA:70,0
FN:70,MockStock.transfer.1
FNDA:0,MockStock.transfer.1
DA:71,0
BRDA:71,1,0,-
BRDA:71,1,1,-
DA:72,0
DA:75,561
FN:75,MockStock.transferFrom.1
FNDA:561,MockStock.transferFrom.1
DA:76,561
BRDA:76,2,0,1
BRDA:76,2,1,560
DA:77,560
DA:88,288
FN:88,MockFeed.constructor.1
FNDA:288,MockFeed.constructor.1
DA:89,288
DA:90,288
DA:91,288
DA:94,30361
FN:94,MockFeed.set
FNDA:30361,MockFeed.set
DA:95,30361
DA:96,30361
DA:97,30361
DA:100,0
FN:100,MockFeed.setStale
FNDA:0,MockFeed.setStale
DA:102,16924
FN:102,MockFeed.latestRoundData
FNDA:16924,MockFeed.latestRoundData
DA:103,16924
DA:114,72
FN:114,MockRouter.setRegistry
FNDA:72,MockRouter.setRegistry
DA:115,5
FN:115,MockRouter.setExecBps
FNDA:5,MockRouter.setExecBps
DA:117,2238
FN:117,MockRouter.exactInputSingle
FNDA:2238,MockRouter.exactInputSingle
DA:118,2238
BRDA:118,3,0,0
BRDA:118,3,1,2237
DA:119,2237
DA:120,2237
DA:121,2237
DA:122,2237
BRDA:122,4,0,2
BRDA:122,4,1,2235
DA:123,2235
FNF:17
FNH:15
LF:54
LH:50
BRF:9
BRH:6
end_of_record
